{
  "RSpec": {
    "coverage": {
      "/Users/apurvajain/Desktop/RUBY/Calculator/lib/calculate.rb": [
        1,
        1
      ],
      "/Users/apurvajain/Desktop/RUBY/Calculator/lib/calculate/operations.rb": [
        null,
        1,
        null,
        1,
        null,
        1,
        10,
        null,
        null,
        1,
        10,
        null,
        null,
        null,
        1,
        8,
        null,
        null,
        null,
        1,
        6,
        null,
        null,
        null,
        1,
        4,
        4,
        null,
        null,
        null,
        1,
        2,
        null,
        null,
        null
      ],
      "/Users/apurvajain/Desktop/RUBY/Calculator/lib/calculate/parser.rb": [
        null,
        1,
        null,
        1,
        5,
        null,
        null,
        1,
        null,
        15,
        15,
        5,
        5,
        null,
        10,
        4,
        4,
        null,
        6,
        3,
        3,
        null,
        3,
        2,
        2,
        null,
        1,
        1,
        1,
        null,
        null,
        null,
        null,
        null
      ],
      "/Users/apurvajain/Desktop/RUBY/Calculator/spec/calculate/parser_spec.rb": [
        1,
        null,
        1,
        null,
        6,
        null,
        1,
        1,
        null,
        null,
        1,
        1,
        1,
        null,
        null,
        1,
        1,
        1,
        1,
        null,
        null,
        1,
        1,
        1,
        1,
        1,
        null,
        null,
        1,
        1,
        1,
        1,
        1,
        1,
        null,
        null,
        null
      ]
    },
    "timestamp": 1422951279
  }
}
